2016-07-27 12:15:03,884 [Worker-565] INFO  o.e.m.c.i.e.AbstractTransferListenerAdapter - Downloading http://repo.maven.apache.org/maven2/junit/junit/4.12/junit-4.12.pom
2016-07-27 12:15:04,621 [Worker-565] INFO  o.e.m.c.i.e.AbstractTransferListenerAdapter - Downloaded http://repo.maven.apache.org/maven2/junit/junit/4.12/junit-4.12.pom
2016-07-27 12:15:04,701 [Worker-565] INFO  o.e.m.c.i.e.AbstractTransferListenerAdapter - Downloading http://repo.maven.apache.org/maven2/org/hamcrest/hamcrest-core/1.3/hamcrest-core-1.3.pom
2016-07-27 12:15:05,277 [Worker-565] INFO  o.e.m.c.i.e.AbstractTransferListenerAdapter - Downloaded http://repo.maven.apache.org/maven2/org/hamcrest/hamcrest-core/1.3/hamcrest-core-1.3.pom
2016-07-27 12:15:05,389 [Worker-565] INFO  o.e.m.c.i.e.AbstractTransferListenerAdapter - Downloading http://repo.maven.apache.org/maven2/org/hamcrest/hamcrest-parent/1.3/hamcrest-parent-1.3.pom
2016-07-27 12:15:05,978 [Worker-565] INFO  o.e.m.c.i.e.AbstractTransferListenerAdapter - Downloaded http://repo.maven.apache.org/maven2/org/hamcrest/hamcrest-parent/1.3/hamcrest-parent-1.3.pom
2016-07-27 12:15:06,104 [Worker-565] INFO  o.e.m.c.i.e.AbstractTransferListenerAdapter - Downloading http://repo.maven.apache.org/maven2/com/google/code/gson/gson/2.3.1/gson-2.3.1.pom
2016-07-27 12:15:06,671 [Worker-565] INFO  o.e.m.c.i.e.AbstractTransferListenerAdapter - Downloaded http://repo.maven.apache.org/maven2/com/google/code/gson/gson/2.3.1/gson-2.3.1.pom
2016-07-27 12:15:06,759 [Worker-565] INFO  o.e.m.c.i.e.AbstractTransferListenerAdapter - Downloading http://repo.maven.apache.org/maven2/org/sonatype/oss/oss-parent/9/oss-parent-9.pom
2016-07-27 12:15:07,346 [Worker-565] INFO  o.e.m.c.i.e.AbstractTransferListenerAdapter - Downloaded http://repo.maven.apache.org/maven2/org/sonatype/oss/oss-parent/9/oss-parent-9.pom
2016-07-27 12:15:07,452 [Worker-565] INFO  o.e.m.c.i.e.AbstractTransferListenerAdapter - Downloading http://repo.maven.apache.org/maven2/commons-codec/commons-codec/1.9/commons-codec-1.9.pom
2016-07-27 12:15:07,591 [Worker-565] INFO  o.e.m.c.i.e.AbstractTransferListenerAdapter - Downloaded http://repo.maven.apache.org/maven2/commons-codec/commons-codec/1.9/commons-codec-1.9.pom
2016-07-27 12:15:07,671 [Worker-565] INFO  o.e.m.c.i.e.AbstractTransferListenerAdapter - Downloading http://repo.maven.apache.org/maven2/org/apache/commons/commons-parent/32/commons-parent-32.pom
2016-07-27 12:15:07,778 [Worker-565] INFO  o.e.m.c.i.e.AbstractTransferListenerAdapter - Downloaded http://repo.maven.apache.org/maven2/org/apache/commons/commons-parent/32/commons-parent-32.pom
2016-07-27 12:15:08,135 [Worker-565] INFO  o.e.m.c.i.e.AbstractTransferListenerAdapter - Downloading http://repo.maven.apache.org/maven2/org/bouncycastle/bcprov-jdk15on/1.51/bcprov-jdk15on-1.51.pom
2016-07-27 12:15:08,721 [Worker-565] INFO  o.e.m.c.i.e.AbstractTransferListenerAdapter - Downloaded http://repo.maven.apache.org/maven2/org/bouncycastle/bcprov-jdk15on/1.51/bcprov-jdk15on-1.51.pom
2016-07-27 12:15:09,032 [Worker-565] INFO  o.e.m.c.i.e.AbstractTransferListenerAdapter - Downloading http://repo.maven.apache.org/maven2/com/twilio/sdk/twilio-java-sdk/3.3.15/twilio-java-sdk-3.3.15.pom
2016-07-27 12:15:09,727 [Worker-565] INFO  o.e.m.c.i.e.AbstractTransferListenerAdapter - Downloaded http://repo.maven.apache.org/maven2/com/twilio/sdk/twilio-java-sdk/3.3.15/twilio-java-sdk-3.3.15.pom
2016-07-27 12:15:09,793 [Worker-565] INFO  o.e.m.c.i.e.AbstractTransferListenerAdapter - Downloading http://repo.maven.apache.org/maven2/org/sonatype/oss/oss-parent/7/oss-parent-7.pom
2016-07-27 12:15:10,355 [Worker-565] INFO  o.e.m.c.i.e.AbstractTransferListenerAdapter - Downloaded http://repo.maven.apache.org/maven2/org/sonatype/oss/oss-parent/7/oss-parent-7.pom
2016-07-27 12:15:10,642 [Worker-565] INFO  o.e.m.c.i.e.AbstractTransferListenerAdapter - Downloading http://repo.maven.apache.org/maven2/org/apache/httpcomponents/httpclient/4.1.2/httpclient-4.1.2.pom
2016-07-27 12:15:11,188 [Worker-565] INFO  o.e.m.c.i.e.AbstractTransferListenerAdapter - Downloaded http://repo.maven.apache.org/maven2/org/apache/httpcomponents/httpclient/4.1.2/httpclient-4.1.2.pom
2016-07-27 12:15:11,497 [Worker-565] INFO  o.e.m.c.i.e.AbstractTransferListenerAdapter - Downloading http://repo.maven.apache.org/maven2/org/apache/httpcomponents/httpcomponents-client/4.1.2/httpcomponents-client-4.1.2.pom
2016-07-27 12:15:12,092 [Worker-565] INFO  o.e.m.c.i.e.AbstractTransferListenerAdapter - Downloaded http://repo.maven.apache.org/maven2/org/apache/httpcomponents/httpcomponents-client/4.1.2/httpcomponents-client-4.1.2.pom
2016-07-27 12:15:12,377 [Worker-565] INFO  o.e.m.c.i.e.AbstractTransferListenerAdapter - Downloading http://repo.maven.apache.org/maven2/org/apache/httpcomponents/project/4.1.1/project-4.1.1.pom
2016-07-27 12:15:12,949 [Worker-565] INFO  o.e.m.c.i.e.AbstractTransferListenerAdapter - Downloaded http://repo.maven.apache.org/maven2/org/apache/httpcomponents/project/4.1.1/project-4.1.1.pom
2016-07-27 12:15:13,263 [Worker-565] INFO  o.e.m.c.i.e.AbstractTransferListenerAdapter - Downloading http://repo.maven.apache.org/maven2/org/apache/httpcomponents/httpcore/4.1.2/httpcore-4.1.2.pom
2016-07-27 12:15:13,856 [Worker-565] INFO  o.e.m.c.i.e.AbstractTransferListenerAdapter - Downloaded http://repo.maven.apache.org/maven2/org/apache/httpcomponents/httpcore/4.1.2/httpcore-4.1.2.pom
2016-07-27 12:15:14,197 [Worker-565] INFO  o.e.m.c.i.e.AbstractTransferListenerAdapter - Downloading http://repo.maven.apache.org/maven2/org/apache/httpcomponents/httpcomponents-core/4.1.2/httpcomponents-core-4.1.2.pom
2016-07-27 12:15:14,788 [Worker-565] INFO  o.e.m.c.i.e.AbstractTransferListenerAdapter - Downloaded http://repo.maven.apache.org/maven2/org/apache/httpcomponents/httpcomponents-core/4.1.2/httpcomponents-core-4.1.2.pom
2016-07-27 12:15:15,151 [Worker-565] INFO  o.e.m.c.i.e.AbstractTransferListenerAdapter - Downloading http://repo.maven.apache.org/maven2/commons-logging/commons-logging/1.1.1/commons-logging-1.1.1.pom
2016-07-27 12:15:15,242 [Worker-565] INFO  o.e.m.c.i.e.AbstractTransferListenerAdapter - Downloaded http://repo.maven.apache.org/maven2/commons-logging/commons-logging/1.1.1/commons-logging-1.1.1.pom
2016-07-27 12:15:15,315 [Worker-565] INFO  o.e.m.c.i.e.AbstractTransferListenerAdapter - Downloading http://repo.maven.apache.org/maven2/org/apache/commons/commons-parent/5/commons-parent-5.pom
2016-07-27 12:15:15,651 [Worker-565] INFO  o.e.m.c.i.e.AbstractTransferListenerAdapter - Downloaded http://repo.maven.apache.org/maven2/org/apache/commons/commons-parent/5/commons-parent-5.pom
2016-07-27 12:15:15,768 [Worker-565] INFO  o.e.m.c.i.e.AbstractTransferListenerAdapter - Downloading http://repo.maven.apache.org/maven2/commons-codec/commons-codec/1.4/commons-codec-1.4.pom
2016-07-27 12:15:16,618 [Worker-565] INFO  o.e.m.c.i.e.AbstractTransferListenerAdapter - Downloaded http://repo.maven.apache.org/maven2/commons-codec/commons-codec/1.4/commons-codec-1.4.pom
2016-07-27 12:15:16,955 [Worker-565] INFO  o.e.m.c.i.e.AbstractTransferListenerAdapter - Downloading http://repo.maven.apache.org/maven2/commons-lang/commons-lang/2.6/commons-lang-2.6.pom
2016-07-27 12:15:17,747 [Worker-565] INFO  o.e.m.c.i.e.AbstractTransferListenerAdapter - Downloaded http://repo.maven.apache.org/maven2/commons-lang/commons-lang/2.6/commons-lang-2.6.pom
2016-07-27 12:15:17,808 [Worker-565] INFO  o.e.m.c.i.e.AbstractTransferListenerAdapter - Downloading http://repo.maven.apache.org/maven2/org/apache/commons/commons-parent/17/commons-parent-17.pom
2016-07-27 12:15:17,868 [Worker-568] INFO  o.e.m.c.i.e.AbstractTransferListenerAdapter - Downloading http://repo.maven.apache.org/maven2/com/sun/jersey/jersey-server/1.8/jersey-server-1.8.pom
2016-07-27 12:15:18,207 [Worker-568] INFO  o.e.m.c.i.e.AbstractTransferListenerAdapter - Downloaded http://repo.maven.apache.org/maven2/com/sun/jersey/jersey-server/1.8/jersey-server-1.8.pom
2016-07-27 12:15:18,377 [Worker-565] INFO  o.e.m.c.i.e.AbstractTransferListenerAdapter - Downloaded http://repo.maven.apache.org/maven2/org/apache/commons/commons-parent/17/commons-parent-17.pom
2016-07-27 12:15:18,485 [Worker-568] INFO  o.e.m.c.i.e.AbstractTransferListenerAdapter - Downloading http://repo.maven.apache.org/maven2/com/sun/jersey/jersey-project/1.8/jersey-project-1.8.pom
2016-07-27 12:15:18,775 [Worker-565] INFO  o.e.m.c.i.e.AbstractTransferListenerAdapter - Downloading http://repo.maven.apache.org/maven2/com/googlecode/json-simple/json-simple/1.1/json-simple-1.1.pom
2016-07-27 12:15:18,815 [Worker-568] INFO  o.e.m.c.i.e.AbstractTransferListenerAdapter - Downloaded http://repo.maven.apache.org/maven2/com/sun/jersey/jersey-project/1.8/jersey-project-1.8.pom
2016-07-27 12:15:19,145 [Worker-568] INFO  o.e.m.c.i.e.AbstractTransferListenerAdapter - Downloading http://repo.maven.apache.org/maven2/asm/asm/3.1/asm-3.1.pom
2016-07-27 12:15:19,211 [Worker-568] INFO  o.e.m.c.i.e.AbstractTransferListenerAdapter - Downloaded http://repo.maven.apache.org/maven2/asm/asm/3.1/asm-3.1.pom
2016-07-27 12:15:19,284 [Worker-568] INFO  o.e.m.c.i.e.AbstractTransferListenerAdapter - Downloading http://repo.maven.apache.org/maven2/asm/asm-parent/3.1/asm-parent-3.1.pom
2016-07-27 12:15:19,336 [Worker-565] INFO  o.e.m.c.i.e.AbstractTransferListenerAdapter - Downloaded http://repo.maven.apache.org/maven2/com/googlecode/json-simple/json-simple/1.1/json-simple-1.1.pom
2016-07-27 12:15:19,617 [Worker-568] INFO  o.e.m.c.i.e.AbstractTransferListenerAdapter - Downloaded http://repo.maven.apache.org/maven2/asm/asm-parent/3.1/asm-parent-3.1.pom
2016-07-27 12:15:19,669 [Worker-568] INFO  o.e.m.c.i.e.AbstractTransferListenerAdapter - Downloading http://repo.maven.apache.org/maven2/com/sun/jersey/jersey-core/1.8/jersey-core-1.8.pom
2016-07-27 12:15:19,681 [Worker-565] INFO  o.e.m.c.i.e.AbstractTransferListenerAdapter - Downloading http://repo.maven.apache.org/maven2/org/codehaus/jackson/jackson-mapper-asl/1.9.3/jackson-mapper-asl-1.9.3.pom
2016-07-27 12:15:19,993 [Worker-568] INFO  o.e.m.c.i.e.AbstractTransferListenerAdapter - Downloaded http://repo.maven.apache.org/maven2/com/sun/jersey/jersey-core/1.8/jersey-core-1.8.pom
2016-07-27 12:15:20,223 [Worker-565] INFO  o.e.m.c.i.e.AbstractTransferListenerAdapter - Downloaded http://repo.maven.apache.org/maven2/org/codehaus/jackson/jackson-mapper-asl/1.9.3/jackson-mapper-asl-1.9.3.pom
2016-07-27 12:15:20,323 [Worker-568] INFO  o.e.m.c.i.e.AbstractTransferListenerAdapter - Downloading http://repo.maven.apache.org/maven2/com/sun/jersey/jersey-json/1.8/jersey-json-1.8.pom
2016-07-27 12:15:20,512 [Worker-565] INFO  o.e.m.c.i.e.AbstractTransferListenerAdapter - Downloading http://repo.maven.apache.org/maven2/org/codehaus/jackson/jackson-core-asl/1.9.3/jackson-core-asl-1.9.3.pom
2016-07-27 12:15:20,899 [Worker-568] INFO  o.e.m.c.i.e.AbstractTransferListenerAdapter - Downloaded http://repo.maven.apache.org/maven2/com/sun/jersey/jersey-json/1.8/jersey-json-1.8.pom
2016-07-27 12:15:21,108 [Worker-565] INFO  o.e.m.c.i.e.AbstractTransferListenerAdapter - Downloaded http://repo.maven.apache.org/maven2/org/codehaus/jackson/jackson-core-asl/1.9.3/jackson-core-asl-1.9.3.pom
2016-07-27 12:15:21,217 [Worker-568] INFO  o.e.m.c.i.e.AbstractTransferListenerAdapter - Downloading http://repo.maven.apache.org/maven2/org/codehaus/jettison/jettison/1.1/jettison-1.1.pom
2016-07-27 12:15:21,447 [Worker-565] INFO  o.e.m.c.i.e.AbstractTransferListenerAdapter - Downloading http://repo.maven.apache.org/maven2/com/notnoop/apns/apns/0.2.3/apns-0.2.3.pom
2016-07-27 12:15:21,779 [Worker-568] INFO  o.e.m.c.i.e.AbstractTransferListenerAdapter - Downloaded http://repo.maven.apache.org/maven2/org/codehaus/jettison/jettison/1.1/jettison-1.1.pom
2016-07-27 12:15:21,834 [Worker-568] INFO  o.e.m.c.i.e.AbstractTransferListenerAdapter - Downloading http://repo.maven.apache.org/maven2/stax/stax-api/1.0.1/stax-api-1.0.1.pom
2016-07-27 12:15:22,002 [Worker-565] INFO  o.e.m.c.i.e.AbstractTransferListenerAdapter - Downloaded http://repo.maven.apache.org/maven2/com/notnoop/apns/apns/0.2.3/apns-0.2.3.pom
2016-07-27 12:15:22,051 [Worker-565] INFO  o.e.m.c.i.e.AbstractTransferListenerAdapter - Downloading http://repo.maven.apache.org/maven2/org/sonatype/oss/oss-parent/5/oss-parent-5.pom
2016-07-27 12:15:22,254 [Worker-568] INFO  o.e.m.c.i.e.AbstractTransferListenerAdapter - Downloaded http://repo.maven.apache.org/maven2/stax/stax-api/1.0.1/stax-api-1.0.1.pom
2016-07-27 12:15:22,598 [Worker-568] INFO  o.e.m.c.i.e.AbstractTransferListenerAdapter - Downloading http://repo.maven.apache.org/maven2/com/sun/xml/bind/jaxb-impl/2.2.3-1/jaxb-impl-2.2.3-1.pom
2016-07-27 12:15:22,871 [Worker-565] INFO  o.e.m.c.i.e.AbstractTransferListenerAdapter - Downloaded http://repo.maven.apache.org/maven2/org/sonatype/oss/oss-parent/5/oss-parent-5.pom
2016-07-27 12:15:23,196 [Worker-565] INFO  o.e.m.c.i.e.AbstractTransferListenerAdapter - Downloading http://repo.maven.apache.org/maven2/org/slf4j/slf4j-api/1.7.2/slf4j-api-1.7.2.pom
2016-07-27 12:15:23,218 [Worker-568] INFO  o.e.m.c.i.e.AbstractTransferListenerAdapter - Downloaded http://repo.maven.apache.org/maven2/com/sun/xml/bind/jaxb-impl/2.2.3-1/jaxb-impl-2.2.3-1.pom
2016-07-27 12:15:23,554 [Worker-568] INFO  o.e.m.c.i.e.AbstractTransferListenerAdapter - Downloading http://repo.maven.apache.org/maven2/javax/xml/bind/jaxb-api/2.2.2/jaxb-api-2.2.2.pom
2016-07-27 12:15:23,777 [Worker-565] INFO  o.e.m.c.i.e.AbstractTransferListenerAdapter - Downloaded http://repo.maven.apache.org/maven2/org/slf4j/slf4j-api/1.7.2/slf4j-api-1.7.2.pom
2016-07-27 12:15:23,861 [Worker-568] INFO  o.e.m.c.i.e.AbstractTransferListenerAdapter - Downloaded http://repo.maven.apache.org/maven2/javax/xml/bind/jaxb-api/2.2.2/jaxb-api-2.2.2.pom
2016-07-27 12:15:23,864 [Worker-565] INFO  o.e.m.c.i.e.AbstractTransferListenerAdapter - Downloading http://repo.maven.apache.org/maven2/org/slf4j/slf4j-parent/1.7.2/slf4j-parent-1.7.2.pom
2016-07-27 12:15:24,221 [Worker-568] INFO  o.e.m.c.i.e.AbstractTransferListenerAdapter - Downloading http://repo.maven.apache.org/maven2/javax/xml/stream/stax-api/1.0-2/stax-api-1.0-2.pom
2016-07-27 12:15:24,458 [Worker-565] INFO  o.e.m.c.i.e.AbstractTransferListenerAdapter - Downloaded http://repo.maven.apache.org/maven2/org/slf4j/slf4j-parent/1.7.2/slf4j-parent-1.7.2.pom
2016-07-27 12:15:24,769 [Worker-565] INFO  o.e.m.c.i.e.AbstractTransferListenerAdapter - Downloading http://repo.maven.apache.org/maven2/com/fasterxml/jackson/core/jackson-databind/2.1.4/jackson-databind-2.1.4.pom
2016-07-27 12:15:24,772 [Worker-568] INFO  o.e.m.c.i.e.AbstractTransferListenerAdapter - Downloaded http://repo.maven.apache.org/maven2/javax/xml/stream/stax-api/1.0-2/stax-api-1.0-2.pom
2016-07-27 12:15:24,828 [Worker-568] INFO  o.e.m.c.i.e.AbstractTransferListenerAdapter - Downloading http://repo.maven.apache.org/maven2/javax/activation/activation/1.1/activation-1.1.pom
2016-07-27 12:15:25,365 [Worker-565] INFO  o.e.m.c.i.e.AbstractTransferListenerAdapter - Downloaded http://repo.maven.apache.org/maven2/com/fasterxml/jackson/core/jackson-databind/2.1.4/jackson-databind-2.1.4.pom
2016-07-27 12:15:25,471 [Worker-568] INFO  o.e.m.c.i.e.AbstractTransferListenerAdapter - Downloaded http://repo.maven.apache.org/maven2/javax/activation/activation/1.1/activation-1.1.pom
2016-07-27 12:15:25,654 [Worker-565] INFO  o.e.m.c.i.e.AbstractTransferListenerAdapter - Downloading http://repo.maven.apache.org/maven2/com/fasterxml/oss-parent/4/oss-parent-4.pom
2016-07-27 12:15:25,761 [Worker-568] INFO  o.e.m.c.i.e.AbstractTransferListenerAdapter - Downloading http://repo.maven.apache.org/maven2/org/codehaus/jackson/jackson-core-asl/1.7.1/jackson-core-asl-1.7.1.pom
2016-07-27 12:15:26,262 [Worker-565] INFO  o.e.m.c.i.e.AbstractTransferListenerAdapter - Downloaded http://repo.maven.apache.org/maven2/com/fasterxml/oss-parent/4/oss-parent-4.pom
2016-07-27 12:15:26,322 [Worker-568] INFO  o.e.m.c.i.e.AbstractTransferListenerAdapter - Downloaded http://repo.maven.apache.org/maven2/org/codehaus/jackson/jackson-core-asl/1.7.1/jackson-core-asl-1.7.1.pom
2016-07-27 12:15:26,599 [Worker-565] INFO  o.e.m.c.i.e.AbstractTransferListenerAdapter - Downloading http://repo.maven.apache.org/maven2/com/fasterxml/jackson/core/jackson-annotations/2.1.4/jackson-annotations-2.1.4.pom
2016-07-27 12:15:26,631 [Worker-568] INFO  o.e.m.c.i.e.AbstractTransferListenerAdapter - Downloading http://repo.maven.apache.org/maven2/org/codehaus/jackson/jackson-mapper-asl/1.7.1/jackson-mapper-asl-1.7.1.pom
2016-07-27 12:15:27,260 [Worker-568] INFO  o.e.m.c.i.e.AbstractTransferListenerAdapter - Downloaded http://repo.maven.apache.org/maven2/org/codehaus/jackson/jackson-mapper-asl/1.7.1/jackson-mapper-asl-1.7.1.pom
2016-07-27 12:15:27,261 [Worker-565] INFO  o.e.m.c.i.e.AbstractTransferListenerAdapter - Downloaded http://repo.maven.apache.org/maven2/com/fasterxml/jackson/core/jackson-annotations/2.1.4/jackson-annotations-2.1.4.pom
2016-07-27 12:15:27,620 [Worker-568] INFO  o.e.m.c.i.e.AbstractTransferListenerAdapter - Downloading http://repo.maven.apache.org/maven2/org/codehaus/jackson/jackson-jaxrs/1.7.1/jackson-jaxrs-1.7.1.pom
2016-07-27 12:15:27,648 [Worker-565] INFO  o.e.m.c.i.e.AbstractTransferListenerAdapter - Downloading http://repo.maven.apache.org/maven2/com/fasterxml/jackson/core/jackson-core/2.1.4/jackson-core-2.1.4.pom
2016-07-27 12:15:28,330 [Worker-565] INFO  o.e.m.c.i.e.AbstractTransferListenerAdapter - Downloaded http://repo.maven.apache.org/maven2/com/fasterxml/jackson/core/jackson-core/2.1.4/jackson-core-2.1.4.pom
2016-07-27 12:15:28,344 [Worker-568] INFO  o.e.m.c.i.e.AbstractTransferListenerAdapter - Downloaded http://repo.maven.apache.org/maven2/org/codehaus/jackson/jackson-jaxrs/1.7.1/jackson-jaxrs-1.7.1.pom
2016-07-27 12:15:28,731 [Worker-568] INFO  o.e.m.c.i.e.AbstractTransferListenerAdapter - Downloading http://repo.maven.apache.org/maven2/org/codehaus/jackson/jackson-xc/1.7.1/jackson-xc-1.7.1.pom
2016-07-27 12:15:28,748 [Worker-565] INFO  o.e.m.c.i.e.AbstractTransferListenerAdapter - Downloading http://repo.maven.apache.org/maven2/com/google/gcm/gcm-server/1.0.0/gcm-server-1.0.0.pom
2016-07-27 12:15:29,455 [Worker-568] INFO  o.e.m.c.i.e.AbstractTransferListenerAdapter - Downloaded http://repo.maven.apache.org/maven2/org/codehaus/jackson/jackson-xc/1.7.1/jackson-xc-1.7.1.pom
2016-07-27 12:15:29,567 [Worker-565] INFO  o.e.m.c.i.e.AbstractTransferListenerAdapter - Downloaded http://repo.maven.apache.org/maven2/com/google/gcm/gcm-server/1.0.0/gcm-server-1.0.0.pom
2016-07-27 12:15:29,931 [Worker-568] INFO  o.e.m.c.i.e.AbstractTransferListenerAdapter - Downloading http://repo.maven.apache.org/maven2/com/sun/jersey/jersey-client/1.19.1/jersey-client-1.19.1.pom
2016-07-27 12:15:29,975 [Worker-565] INFO  o.e.m.c.i.e.AbstractTransferListenerAdapter - Downloading http://repo.maven.apache.org/maven2/com/googlecode/json-simple/json-simple/1.1.1/json-simple-1.1.1.pom
2016-07-27 12:15:30,534 [Worker-568] INFO  o.e.m.c.i.e.AbstractTransferListenerAdapter - Downloaded http://repo.maven.apache.org/maven2/com/sun/jersey/jersey-client/1.19.1/jersey-client-1.19.1.pom
2016-07-27 12:15:30,554 [Worker-565] INFO  o.e.m.c.i.e.AbstractTransferListenerAdapter - Downloaded http://repo.maven.apache.org/maven2/com/googlecode/json-simple/json-simple/1.1.1/json-simple-1.1.1.pom
2016-07-27 12:15:30,620 [Worker-565] INFO  o.e.m.c.i.e.AbstractTransferListenerAdapter - Downloading http://repo.maven.apache.org/maven2/junit/junit/4.10/junit-4.10.pom
2016-07-27 12:15:30,821 [Worker-568] INFO  o.e.m.c.i.e.AbstractTransferListenerAdapter - Downloading http://repo.maven.apache.org/maven2/com/sun/jersey/jersey-project/1.19.1/jersey-project-1.19.1.pom
2016-07-27 12:15:30,935 [Worker-565] INFO  o.e.m.c.i.e.AbstractTransferListenerAdapter - Downloaded http://repo.maven.apache.org/maven2/junit/junit/4.10/junit-4.10.pom
2016-07-27 12:15:31,021 [Worker-565] INFO  o.e.m.c.i.e.AbstractTransferListenerAdapter - Downloading http://repo.maven.apache.org/maven2/org/hamcrest/hamcrest-core/1.1/hamcrest-core-1.1.pom
2016-07-27 12:15:31,321 [Worker-565] INFO  o.e.m.c.i.e.AbstractTransferListenerAdapter - Downloaded http://repo.maven.apache.org/maven2/org/hamcrest/hamcrest-core/1.1/hamcrest-core-1.1.pom
2016-07-27 12:15:31,351 [Worker-565] INFO  o.e.m.c.i.e.AbstractTransferListenerAdapter - Downloading http://repo.maven.apache.org/maven2/org/hamcrest/hamcrest-parent/1.1/hamcrest-parent-1.1.pom
2016-07-27 12:15:31,623 [Worker-568] INFO  o.e.m.c.i.e.AbstractTransferListenerAdapter - Downloaded http://repo.maven.apache.org/maven2/com/sun/jersey/jersey-project/1.19.1/jersey-project-1.19.1.pom
2016-07-27 12:15:31,663 [Worker-565] INFO  o.e.m.c.i.e.AbstractTransferListenerAdapter - Downloaded http://repo.maven.apache.org/maven2/org/hamcrest/hamcrest-parent/1.1/hamcrest-parent-1.1.pom
2016-07-27 12:15:31,738 [Worker-568] INFO  o.e.m.c.i.e.AbstractTransferListenerAdapter - Downloading http://repo.maven.apache.org/maven2/net/java/jvnet-parent/4/jvnet-parent-4.pom
2016-07-27 12:15:31,831 [Worker-568] INFO  o.e.m.c.i.e.AbstractTransferListenerAdapter - Downloaded http://repo.maven.apache.org/maven2/net/java/jvnet-parent/4/jvnet-parent-4.pom
2016-07-27 12:15:31,982 [Worker-565] INFO  o.e.m.c.i.e.AbstractTransferListenerAdapter - Downloading http://repo.maven.apache.org/maven2/com/google/firebase/firebase-server-sdk/3.0.0/firebase-server-sdk-3.0.0.pom
2016-07-27 12:15:32,380 [Worker-568] INFO  o.e.m.c.i.e.AbstractTransferListenerAdapter - Downloading http://repo.maven.apache.org/maven2/com/sun/jersey/jersey-core/1.19.1/jersey-core-1.19.1.pom
2016-07-27 12:15:38,095 [Worker-565] INFO  o.e.m.c.i.e.AbstractTransferListenerAdapter - Downloaded http://repo.maven.apache.org/maven2/com/google/firebase/firebase-server-sdk/3.0.0/firebase-server-sdk-3.0.0.pom
2016-07-27 12:15:38,288 [Worker-568] INFO  o.e.m.c.i.e.AbstractTransferListenerAdapter - Downloaded http://repo.maven.apache.org/maven2/com/sun/jersey/jersey-core/1.19.1/jersey-core-1.19.1.pom
2016-07-27 12:15:38,445 [Worker-565] INFO  o.e.m.c.i.e.AbstractTransferListenerAdapter - Downloading http://repo.maven.apache.org/maven2/com/google/api-client/google-api-client-gson/1.21.0/google-api-client-gson-1.21.0.pom
2016-07-27 12:15:38,644 [Worker-568] INFO  o.e.m.c.i.e.AbstractTransferListenerAdapter - Downloading http://repo.maven.apache.org/maven2/javax/ws/rs/jsr311-api/1.1.1/jsr311-api-1.1.1.pom
2016-07-27 12:15:39,004 [Worker-565] INFO  o.e.m.c.i.e.AbstractTransferListenerAdapter - Downloaded http://repo.maven.apache.org/maven2/com/google/api-client/google-api-client-gson/1.21.0/google-api-client-gson-1.21.0.pom
2016-07-27 12:15:39,196 [Worker-568] INFO  o.e.m.c.i.e.AbstractTransferListenerAdapter - Downloaded http://repo.maven.apache.org/maven2/javax/ws/rs/jsr311-api/1.1.1/jsr311-api-1.1.1.pom
2016-07-27 12:15:39,323 [Worker-565] INFO  o.e.m.c.i.e.AbstractTransferListenerAdapter - Downloading http://repo.maven.apache.org/maven2/com/google/api-client/google-api-client-parent/1.21.0/google-api-client-parent-1.21.0.pom
2016-07-27 12:15:39,609 [Worker-568] INFO  o.e.m.c.i.e.AbstractTransferListenerAdapter - Downloading http://repo.maven.apache.org/maven2/com/sun/jersey/jersey-servlet/1.19.1/jersey-servlet-1.19.1.pom
2016-07-27 12:15:40,145 [Worker-565] INFO  o.e.m.c.i.e.AbstractTransferListenerAdapter - Downloaded http://repo.maven.apache.org/maven2/com/google/api-client/google-api-client-parent/1.21.0/google-api-client-parent-1.21.0.pom
2016-07-27 12:15:40,186 [Worker-568] INFO  o.e.m.c.i.e.AbstractTransferListenerAdapter - Downloaded http://repo.maven.apache.org/maven2/com/sun/jersey/jersey-servlet/1.19.1/jersey-servlet-1.19.1.pom
2016-07-27 12:15:40,465 [Worker-565] INFO  o.e.m.c.i.e.AbstractTransferListenerAdapter - Downloading http://repo.maven.apache.org/maven2/com/google/api-client/google-api-client/1.21.0/google-api-client-1.21.0.pom
2016-07-27 12:15:40,515 [Worker-568] INFO  o.e.m.c.i.e.AbstractTransferListenerAdapter - Downloading http://repo.maven.apache.org/maven2/com/sun/jersey/jersey-server/1.19.1/jersey-server-1.19.1.pom
2016-07-27 12:15:41,029 [Worker-565] INFO  o.e.m.c.i.e.AbstractTransferListenerAdapter - Downloaded http://repo.maven.apache.org/maven2/com/google/api-client/google-api-client/1.21.0/google-api-client-1.21.0.pom
2016-07-27 12:15:41,073 [Worker-568] INFO  o.e.m.c.i.e.AbstractTransferListenerAdapter - Downloaded http://repo.maven.apache.org/maven2/com/sun/jersey/jersey-server/1.19.1/jersey-server-1.19.1.pom
2016-07-27 12:15:41,115 [Worker-568] WARN  o.e.m.c.i.embedder.EclipseLogger - The POM for org.ebayopensource:fido-uaf-core:jar:0.0.1-SNAPSHOT is missing, no dependency information available
2016-07-27 12:15:41,324 [Worker-565] INFO  o.e.m.c.i.e.AbstractTransferListenerAdapter - Downloading http://repo.maven.apache.org/maven2/com/google/oauth-client/google-oauth-client/1.21.0/google-oauth-client-1.21.0.pom
2016-07-27 12:15:41,908 [Worker-565] INFO  o.e.m.c.i.e.AbstractTransferListenerAdapter - Downloaded http://repo.maven.apache.org/maven2/com/google/oauth-client/google-oauth-client/1.21.0/google-oauth-client-1.21.0.pom
2016-07-27 12:15:42,224 [Worker-565] INFO  o.e.m.c.i.e.AbstractTransferListenerAdapter - Downloading http://repo.maven.apache.org/maven2/com/google/oauth-client/google-oauth-client-parent/1.21.0/google-oauth-client-parent-1.21.0.pom
2016-07-27 12:15:42,812 [Worker-565] INFO  o.e.m.c.i.e.AbstractTransferListenerAdapter - Downloaded http://repo.maven.apache.org/maven2/com/google/oauth-client/google-oauth-client-parent/1.21.0/google-oauth-client-parent-1.21.0.pom
2016-07-27 12:15:43,111 [Worker-565] INFO  o.e.m.c.i.e.AbstractTransferListenerAdapter - Downloading http://repo.maven.apache.org/maven2/com/google/http-client/google-http-client/1.21.0/google-http-client-1.21.0.pom
2016-07-27 12:15:43,698 [Worker-565] INFO  o.e.m.c.i.e.AbstractTransferListenerAdapter - Downloaded http://repo.maven.apache.org/maven2/com/google/http-client/google-http-client/1.21.0/google-http-client-1.21.0.pom
2016-07-27 12:15:44,010 [Worker-568] INFO  o.e.m.c.i.e.AbstractTransferListenerAdapter - Downloading http://repo.maven.apache.org/maven2/com/google/http-client/google-http-client-parent/1.21.0/google-http-client-parent-1.21.0.pom
2016-07-27 12:15:44,573 [Worker-568] INFO  o.e.m.c.i.e.AbstractTransferListenerAdapter - Downloaded http://repo.maven.apache.org/maven2/com/google/http-client/google-http-client-parent/1.21.0/google-http-client-parent-1.21.0.pom
2016-07-27 12:15:44,679 [Worker-568] INFO  o.e.m.c.i.e.AbstractTransferListenerAdapter - Downloading http://repo.maven.apache.org/maven2/com/google/code/findbugs/jsr305/1.3.9/jsr305-1.3.9.pom
2016-07-27 12:15:44,749 [Worker-568] INFO  o.e.m.c.i.e.AbstractTransferListenerAdapter - Downloaded http://repo.maven.apache.org/maven2/com/google/code/findbugs/jsr305/1.3.9/jsr305-1.3.9.pom
2016-07-27 12:15:45,046 [Worker-568] INFO  o.e.m.c.i.e.AbstractTransferListenerAdapter - Downloading http://repo.maven.apache.org/maven2/org/apache/httpcomponents/httpclient/4.0.1/httpclient-4.0.1.pom
2016-07-27 12:15:45,620 [Worker-568] INFO  o.e.m.c.i.e.AbstractTransferListenerAdapter - Downloaded http://repo.maven.apache.org/maven2/org/apache/httpcomponents/httpclient/4.0.1/httpclient-4.0.1.pom
2016-07-27 12:15:45,929 [Worker-568] INFO  o.e.m.c.i.e.AbstractTransferListenerAdapter - Downloading http://repo.maven.apache.org/maven2/org/apache/httpcomponents/httpcomponents-client/4.0.1/httpcomponents-client-4.0.1.pom
2016-07-27 12:15:46,498 [Worker-568] INFO  o.e.m.c.i.e.AbstractTransferListenerAdapter - Downloaded http://repo.maven.apache.org/maven2/org/apache/httpcomponents/httpcomponents-client/4.0.1/httpcomponents-client-4.0.1.pom
2016-07-27 12:15:46,771 [Worker-568] INFO  o.e.m.c.i.e.AbstractTransferListenerAdapter - Downloading http://repo.maven.apache.org/maven2/org/apache/httpcomponents/project/4.0/project-4.0.pom
2016-07-27 12:15:47,417 [Worker-568] INFO  o.e.m.c.i.e.AbstractTransferListenerAdapter - Downloaded http://repo.maven.apache.org/maven2/org/apache/httpcomponents/project/4.0/project-4.0.pom
2016-07-27 12:15:47,776 [Worker-568] INFO  o.e.m.c.i.e.AbstractTransferListenerAdapter - Downloading http://repo.maven.apache.org/maven2/org/apache/httpcomponents/httpcore/4.0.1/httpcore-4.0.1.pom
2016-07-27 12:15:48,456 [Worker-568] INFO  o.e.m.c.i.e.AbstractTransferListenerAdapter - Downloaded http://repo.maven.apache.org/maven2/org/apache/httpcomponents/httpcore/4.0.1/httpcore-4.0.1.pom
2016-07-27 12:15:48,749 [Worker-568] INFO  o.e.m.c.i.e.AbstractTransferListenerAdapter - Downloading http://repo.maven.apache.org/maven2/org/apache/httpcomponents/httpcomponents-core/4.0.1/httpcomponents-core-4.0.1.pom
2016-07-27 12:15:49,383 [Worker-568] INFO  o.e.m.c.i.e.AbstractTransferListenerAdapter - Downloaded http://repo.maven.apache.org/maven2/org/apache/httpcomponents/httpcomponents-core/4.0.1/httpcomponents-core-4.0.1.pom
2016-07-27 12:15:49,693 [Worker-568] INFO  o.e.m.c.i.e.AbstractTransferListenerAdapter - Downloading http://repo.maven.apache.org/maven2/commons-codec/commons-codec/1.3/commons-codec-1.3.pom
2016-07-27 12:15:50,244 [Worker-568] INFO  o.e.m.c.i.e.AbstractTransferListenerAdapter - Downloaded http://repo.maven.apache.org/maven2/commons-codec/commons-codec/1.3/commons-codec-1.3.pom
2016-07-27 12:15:50,611 [Worker-568] INFO  o.e.m.c.i.e.AbstractTransferListenerAdapter - Downloading http://repo.maven.apache.org/maven2/com/google/http-client/google-http-client-jackson2/1.21.0/google-http-client-jackson2-1.21.0.pom
2016-07-27 12:15:51,251 [Worker-568] INFO  o.e.m.c.i.e.AbstractTransferListenerAdapter - Downloaded http://repo.maven.apache.org/maven2/com/google/http-client/google-http-client-jackson2/1.21.0/google-http-client-jackson2-1.21.0.pom
2016-07-27 12:15:51,556 [Worker-568] INFO  o.e.m.c.i.e.AbstractTransferListenerAdapter - Downloading http://repo.maven.apache.org/maven2/com/fasterxml/jackson/core/jackson-core/2.1.3/jackson-core-2.1.3.pom
2016-07-27 12:15:52,138 [Worker-568] INFO  o.e.m.c.i.e.AbstractTransferListenerAdapter - Downloaded http://repo.maven.apache.org/maven2/com/fasterxml/jackson/core/jackson-core/2.1.3/jackson-core-2.1.3.pom
2016-07-27 12:15:52,427 [Worker-568] INFO  o.e.m.c.i.e.AbstractTransferListenerAdapter - Downloading http://repo.maven.apache.org/maven2/com/google/guava/guava-jdk5/17.0/guava-jdk5-17.0.pom
2016-07-27 12:15:53,047 [Worker-568] INFO  o.e.m.c.i.e.AbstractTransferListenerAdapter - Downloaded http://repo.maven.apache.org/maven2/com/google/guava/guava-jdk5/17.0/guava-jdk5-17.0.pom
2016-07-27 12:15:53,350 [Worker-568] INFO  o.e.m.c.i.e.AbstractTransferListenerAdapter - Downloading http://repo.maven.apache.org/maven2/com/google/guava/guava-parent-jdk5/17.0/guava-parent-jdk5-17.0.pom
2016-07-27 12:15:53,999 [Worker-568] INFO  o.e.m.c.i.e.AbstractTransferListenerAdapter - Downloaded http://repo.maven.apache.org/maven2/com/google/guava/guava-parent-jdk5/17.0/guava-parent-jdk5-17.0.pom
2016-07-27 12:15:54,277 [Worker-568] INFO  o.e.m.c.i.e.AbstractTransferListenerAdapter - Downloading http://repo.maven.apache.org/maven2/com/google/http-client/google-http-client-gson/1.21.0/google-http-client-gson-1.21.0.pom
2016-07-27 12:15:54,857 [Worker-568] INFO  o.e.m.c.i.e.AbstractTransferListenerAdapter - Downloaded http://repo.maven.apache.org/maven2/com/google/http-client/google-http-client-gson/1.21.0/google-http-client-gson-1.21.0.pom
2016-07-27 12:15:55,140 [Worker-568] INFO  o.e.m.c.i.e.AbstractTransferListenerAdapter - Downloading http://repo.maven.apache.org/maven2/com/google/code/gson/gson/2.1/gson-2.1.pom
2016-07-27 12:15:55,680 [Worker-568] INFO  o.e.m.c.i.e.AbstractTransferListenerAdapter - Downloaded http://repo.maven.apache.org/maven2/com/google/code/gson/gson/2.1/gson-2.1.pom
2016-07-27 12:15:55,994 [Worker-568] INFO  o.e.m.c.i.e.AbstractTransferListenerAdapter - Downloading http://repo.maven.apache.org/maven2/org/json/json/20160212/json-20160212.pom
2016-07-27 12:15:56,650 [Worker-568] INFO  o.e.m.c.i.e.AbstractTransferListenerAdapter - Downloaded http://repo.maven.apache.org/maven2/org/json/json/20160212/json-20160212.pom
2016-07-27 12:15:57,019 [Worker-568] INFO  o.e.m.c.i.e.AbstractTransferListenerAdapter - Downloading http://repo.maven.apache.org/maven2/com/google/code/gson/gson/2.6.2/gson-2.6.2.pom
2016-07-27 12:15:57,641 [Worker-568] INFO  o.e.m.c.i.e.AbstractTransferListenerAdapter - Downloaded http://repo.maven.apache.org/maven2/com/google/code/gson/gson/2.6.2/gson-2.6.2.pom
2016-07-27 12:15:58,057 [Worker-568] INFO  o.e.m.c.i.e.AbstractTransferListenerAdapter - Downloading http://repo.maven.apache.org/maven2/com/google/code/gson/gson-parent/2.6.2/gson-parent-2.6.2.pom
2016-07-27 12:15:58,784 [Worker-568] INFO  o.e.m.c.i.e.AbstractTransferListenerAdapter - Downloaded http://repo.maven.apache.org/maven2/com/google/code/gson/gson-parent/2.6.2/gson-parent-2.6.2.pom
2016-07-27 12:15:58,982 [Worker-568] INFO  o.e.m.c.i.e.AbstractTransferListenerAdapter - Downloading http://repo.maven.apache.org/maven2/com/sun/jersey/jersey-server/1.8/jersey-server-1.8.jar
2016-07-27 12:15:59,539 [Worker-568] INFO  o.e.m.c.i.e.AbstractTransferListenerAdapter - Downloaded http://repo.maven.apache.org/maven2/com/sun/jersey/jersey-server/1.8/jersey-server-1.8.jar
2016-07-27 12:15:59,955 [Worker-568] INFO  o.e.m.c.i.e.AbstractTransferListenerAdapter - Downloading http://repo.maven.apache.org/maven2/asm/asm/3.1/asm-3.1.jar
2016-07-27 12:16:00,468 [Worker-568] INFO  o.e.m.c.i.e.AbstractTransferListenerAdapter - Downloaded http://repo.maven.apache.org/maven2/asm/asm/3.1/asm-3.1.jar
2016-07-27 12:16:00,835 [Worker-568] INFO  o.e.m.c.i.e.AbstractTransferListenerAdapter - Downloading http://repo.maven.apache.org/maven2/com/sun/jersey/jersey-core/1.8/jersey-core-1.8.jar
2016-07-27 12:16:04,133 [Worker-568] INFO  o.e.m.c.i.e.AbstractTransferListenerAdapter - Downloaded http://repo.maven.apache.org/maven2/com/sun/jersey/jersey-core/1.8/jersey-core-1.8.jar
2016-07-27 12:16:04,468 [Worker-568] INFO  o.e.m.c.i.e.AbstractTransferListenerAdapter - Downloading http://repo.maven.apache.org/maven2/com/sun/jersey/jersey-json/1.8/jersey-json-1.8.jar
2016-07-27 12:16:05,903 [Worker-568] INFO  o.e.m.c.i.e.AbstractTransferListenerAdapter - Downloaded http://repo.maven.apache.org/maven2/com/sun/jersey/jersey-json/1.8/jersey-json-1.8.jar
2016-07-27 12:16:05,936 [Worker-568] INFO  o.e.m.c.i.e.AbstractTransferListenerAdapter - Downloading http://repo.maven.apache.org/maven2/org/codehaus/jettison/jettison/1.1/jettison-1.1.jar
2016-07-27 12:16:06,777 [Worker-568] INFO  o.e.m.c.i.e.AbstractTransferListenerAdapter - Downloaded http://repo.maven.apache.org/maven2/org/codehaus/jettison/jettison/1.1/jettison-1.1.jar
2016-07-27 12:16:07,129 [Worker-568] INFO  o.e.m.c.i.e.AbstractTransferListenerAdapter - Downloading http://repo.maven.apache.org/maven2/stax/stax-api/1.0.1/stax-api-1.0.1.jar
2016-07-27 12:16:07,603 [Worker-568] INFO  o.e.m.c.i.e.AbstractTransferListenerAdapter - Downloaded http://repo.maven.apache.org/maven2/stax/stax-api/1.0.1/stax-api-1.0.1.jar
2016-07-27 12:16:07,637 [Worker-568] INFO  o.e.m.c.i.e.AbstractTransferListenerAdapter - Downloading http://repo.maven.apache.org/maven2/com/sun/xml/bind/jaxb-impl/2.2.3-1/jaxb-impl-2.2.3-1.jar
2016-07-27 12:16:08,615 [Worker-568] INFO  o.e.m.c.i.e.AbstractTransferListenerAdapter - Downloaded http://repo.maven.apache.org/maven2/com/sun/xml/bind/jaxb-impl/2.2.3-1/jaxb-impl-2.2.3-1.jar
2016-07-27 12:16:08,882 [Worker-568] INFO  o.e.m.c.i.e.AbstractTransferListenerAdapter - Downloading http://repo.maven.apache.org/maven2/javax/xml/bind/jaxb-api/2.2.2/jaxb-api-2.2.2.jar
2016-07-27 12:16:15,149 [Worker-568] INFO  o.e.m.c.i.e.AbstractTransferListenerAdapter - Downloaded http://repo.maven.apache.org/maven2/javax/xml/bind/jaxb-api/2.2.2/jaxb-api-2.2.2.jar
2016-07-27 12:16:15,428 [Worker-568] INFO  o.e.m.c.i.e.AbstractTransferListenerAdapter - Downloading http://repo.maven.apache.org/maven2/javax/xml/stream/stax-api/1.0-2/stax-api-1.0-2.jar
2016-07-27 12:16:16,181 [Worker-568] INFO  o.e.m.c.i.e.AbstractTransferListenerAdapter - Downloaded http://repo.maven.apache.org/maven2/javax/xml/stream/stax-api/1.0-2/stax-api-1.0-2.jar
2016-07-27 12:16:16,481 [Worker-568] INFO  o.e.m.c.i.e.AbstractTransferListenerAdapter - Downloading http://repo.maven.apache.org/maven2/javax/activation/activation/1.1/activation-1.1.jar
2016-07-27 12:16:16,893 [Worker-568] INFO  o.e.m.c.i.e.AbstractTransferListenerAdapter - Downloaded http://repo.maven.apache.org/maven2/javax/activation/activation/1.1/activation-1.1.jar
2016-07-27 12:16:17,164 [Worker-568] INFO  o.e.m.c.i.e.AbstractTransferListenerAdapter - Downloading http://repo.maven.apache.org/maven2/org/codehaus/jackson/jackson-core-asl/1.7.1/jackson-core-asl-1.7.1.jar
2016-07-27 12:16:18,527 [Worker-568] INFO  o.e.m.c.i.e.AbstractTransferListenerAdapter - Downloaded http://repo.maven.apache.org/maven2/org/codehaus/jackson/jackson-core-asl/1.7.1/jackson-core-asl-1.7.1.jar
2016-07-27 12:16:18,799 [Worker-568] INFO  o.e.m.c.i.e.AbstractTransferListenerAdapter - Downloading http://repo.maven.apache.org/maven2/org/codehaus/jackson/jackson-mapper-asl/1.7.1/jackson-mapper-asl-1.7.1.jar
2016-07-27 12:16:21,937 [Worker-568] INFO  o.e.m.c.i.e.AbstractTransferListenerAdapter - Downloaded http://repo.maven.apache.org/maven2/org/codehaus/jackson/jackson-mapper-asl/1.7.1/jackson-mapper-asl-1.7.1.jar
2016-07-27 12:16:22,247 [Worker-568] INFO  o.e.m.c.i.e.AbstractTransferListenerAdapter - Downloading http://repo.maven.apache.org/maven2/org/codehaus/jackson/jackson-jaxrs/1.7.1/jackson-jaxrs-1.7.1.jar
2016-07-27 12:16:22,894 [Worker-568] INFO  o.e.m.c.i.e.AbstractTransferListenerAdapter - Downloaded http://repo.maven.apache.org/maven2/org/codehaus/jackson/jackson-jaxrs/1.7.1/jackson-jaxrs-1.7.1.jar
2016-07-27 12:16:23,190 [Worker-568] INFO  o.e.m.c.i.e.AbstractTransferListenerAdapter - Downloading http://repo.maven.apache.org/maven2/org/codehaus/jackson/jackson-xc/1.7.1/jackson-xc-1.7.1.jar
2016-07-27 12:16:23,850 [Worker-568] INFO  o.e.m.c.i.e.AbstractTransferListenerAdapter - Downloaded http://repo.maven.apache.org/maven2/org/codehaus/jackson/jackson-xc/1.7.1/jackson-xc-1.7.1.jar
2016-07-27 12:16:24,118 [Worker-568] INFO  o.e.m.c.i.e.AbstractTransferListenerAdapter - Downloading http://repo.maven.apache.org/maven2/com/sun/jersey/jersey-client/1.19.1/jersey-client-1.19.1.jar
2016-07-27 12:16:25,243 [Worker-568] INFO  o.e.m.c.i.e.AbstractTransferListenerAdapter - Downloaded http://repo.maven.apache.org/maven2/com/sun/jersey/jersey-client/1.19.1/jersey-client-1.19.1.jar
2016-07-27 12:16:25,540 [Worker-568] INFO  o.e.m.c.i.e.AbstractTransferListenerAdapter - Downloading http://repo.maven.apache.org/maven2/com/sun/jersey/jersey-servlet/1.19.1/jersey-servlet-1.19.1.jar
2016-07-27 12:16:26,636 [Worker-568] INFO  o.e.m.c.i.e.AbstractTransferListenerAdapter - Downloaded http://repo.maven.apache.org/maven2/com/sun/jersey/jersey-servlet/1.19.1/jersey-servlet-1.19.1.jar
2016-07-27 12:16:26,682 [Worker-568] INFO  o.e.m.c.i.e.AbstractTransferListenerAdapter - Downloading http://repo.maven.apache.org/maven2/com/google/code/gson/gson/2.3.1/gson-2.3.1.jar
2016-07-27 12:16:27,052 [Worker-568] INFO  o.e.m.c.i.e.AbstractTransferListenerAdapter - Downloaded http://repo.maven.apache.org/maven2/com/google/code/gson/gson/2.3.1/gson-2.3.1.jar
2016-07-27 12:16:27,380 [Worker-568] INFO  o.e.m.c.i.e.AbstractTransferListenerAdapter - Downloading http://repo.maven.apache.org/maven2/com/twilio/sdk/twilio-java-sdk/3.3.15/twilio-java-sdk-3.3.15.jar
2016-07-27 12:16:28,433 [Worker-568] INFO  o.e.m.c.i.e.AbstractTransferListenerAdapter - Downloaded http://repo.maven.apache.org/maven2/com/twilio/sdk/twilio-java-sdk/3.3.15/twilio-java-sdk-3.3.15.jar
2016-07-27 12:16:28,462 [Worker-568] INFO  o.e.m.c.i.e.AbstractTransferListenerAdapter - Downloading http://repo.maven.apache.org/maven2/org/apache/httpcomponents/httpclient/4.1.2/httpclient-4.1.2.jar
2016-07-27 12:16:28,860 [Worker-568] INFO  o.e.m.c.i.e.AbstractTransferListenerAdapter - Downloaded http://repo.maven.apache.org/maven2/org/apache/httpcomponents/httpclient/4.1.2/httpclient-4.1.2.jar
2016-07-27 12:16:28,905 [Worker-568] INFO  o.e.m.c.i.e.AbstractTransferListenerAdapter - Downloading http://repo.maven.apache.org/maven2/org/apache/httpcomponents/httpcore/4.1.2/httpcore-4.1.2.jar
2016-07-27 12:16:29,602 [Worker-568] INFO  o.e.m.c.i.e.AbstractTransferListenerAdapter - Downloaded http://repo.maven.apache.org/maven2/org/apache/httpcomponents/httpcore/4.1.2/httpcore-4.1.2.jar
2016-07-27 12:16:29,655 [Worker-568] INFO  o.e.m.c.i.e.AbstractTransferListenerAdapter - Downloading http://repo.maven.apache.org/maven2/commons-logging/commons-logging/1.1.1/commons-logging-1.1.1.jar
2016-07-27 12:16:29,985 [Worker-568] INFO  o.e.m.c.i.e.AbstractTransferListenerAdapter - Downloaded http://repo.maven.apache.org/maven2/commons-logging/commons-logging/1.1.1/commons-logging-1.1.1.jar
2016-07-27 12:16:30,269 [Worker-568] INFO  o.e.m.c.i.e.AbstractTransferListenerAdapter - Downloading http://repo.maven.apache.org/maven2/commons-codec/commons-codec/1.4/commons-codec-1.4.jar
2016-07-27 12:16:30,903 [Worker-568] INFO  o.e.m.c.i.e.AbstractTransferListenerAdapter - Downloaded http://repo.maven.apache.org/maven2/commons-codec/commons-codec/1.4/commons-codec-1.4.jar
2016-07-27 12:16:31,196 [Worker-568] INFO  o.e.m.c.i.e.AbstractTransferListenerAdapter - Downloading http://repo.maven.apache.org/maven2/commons-lang/commons-lang/2.6/commons-lang-2.6.jar
2016-07-27 12:16:32,911 [Worker-568] INFO  o.e.m.c.i.e.AbstractTransferListenerAdapter - Downloaded http://repo.maven.apache.org/maven2/commons-lang/commons-lang/2.6/commons-lang-2.6.jar
2016-07-27 12:16:33,223 [Worker-568] INFO  o.e.m.c.i.e.AbstractTransferListenerAdapter - Downloading http://repo.maven.apache.org/maven2/com/notnoop/apns/apns/0.2.3/apns-0.2.3.jar
2016-07-27 12:16:33,882 [Worker-568] INFO  o.e.m.c.i.e.AbstractTransferListenerAdapter - Downloaded http://repo.maven.apache.org/maven2/com/notnoop/apns/apns/0.2.3/apns-0.2.3.jar
2016-07-27 12:16:34,145 [Worker-568] INFO  o.e.m.c.i.e.AbstractTransferListenerAdapter - Downloading http://repo.maven.apache.org/maven2/org/slf4j/slf4j-api/1.7.2/slf4j-api-1.7.2.jar
2016-07-27 12:16:34,776 [Worker-568] INFO  o.e.m.c.i.e.AbstractTransferListenerAdapter - Downloaded http://repo.maven.apache.org/maven2/org/slf4j/slf4j-api/1.7.2/slf4j-api-1.7.2.jar
2016-07-27 12:16:35,064 [Worker-568] INFO  o.e.m.c.i.e.AbstractTransferListenerAdapter - Downloading http://repo.maven.apache.org/maven2/com/fasterxml/jackson/core/jackson-databind/2.1.4/jackson-databind-2.1.4.jar
2016-07-27 12:16:39,496 [Worker-568] INFO  o.e.m.c.i.e.AbstractTransferListenerAdapter - Downloaded http://repo.maven.apache.org/maven2/com/fasterxml/jackson/core/jackson-databind/2.1.4/jackson-databind-2.1.4.jar
2016-07-27 12:16:39,777 [Worker-568] INFO  o.e.m.c.i.e.AbstractTransferListenerAdapter - Downloading http://repo.maven.apache.org/maven2/com/fasterxml/jackson/core/jackson-annotations/2.1.4/jackson-annotations-2.1.4.jar
2016-07-27 12:16:40,488 [Worker-568] INFO  o.e.m.c.i.e.AbstractTransferListenerAdapter - Downloaded http://repo.maven.apache.org/maven2/com/fasterxml/jackson/core/jackson-annotations/2.1.4/jackson-annotations-2.1.4.jar
2016-07-27 12:16:40,754 [Worker-568] INFO  o.e.m.c.i.e.AbstractTransferListenerAdapter - Downloading http://repo.maven.apache.org/maven2/com/fasterxml/jackson/core/jackson-core/2.1.4/jackson-core-2.1.4.jar
2016-07-27 12:16:42,109 [Worker-568] INFO  o.e.m.c.i.e.AbstractTransferListenerAdapter - Downloaded http://repo.maven.apache.org/maven2/com/fasterxml/jackson/core/jackson-core/2.1.4/jackson-core-2.1.4.jar
2016-07-27 12:16:42,372 [Worker-568] INFO  o.e.m.c.i.e.AbstractTransferListenerAdapter - Downloading http://repo.maven.apache.org/maven2/com/google/gcm/gcm-server/1.0.0/gcm-server-1.0.0.jar
2016-07-27 12:16:43,039 [Worker-568] INFO  o.e.m.c.i.e.AbstractTransferListenerAdapter - Downloaded http://repo.maven.apache.org/maven2/com/google/gcm/gcm-server/1.0.0/gcm-server-1.0.0.jar
2016-07-27 12:16:43,324 [Worker-568] INFO  o.e.m.c.i.e.AbstractTransferListenerAdapter - Downloading http://repo.maven.apache.org/maven2/com/googlecode/json-simple/json-simple/1.1.1/json-simple-1.1.1.jar
2016-07-27 12:16:43,938 [Worker-568] INFO  o.e.m.c.i.e.AbstractTransferListenerAdapter - Downloaded http://repo.maven.apache.org/maven2/com/googlecode/json-simple/json-simple/1.1.1/json-simple-1.1.1.jar
2016-07-27 12:16:44,202 [Worker-568] INFO  o.e.m.c.i.e.AbstractTransferListenerAdapter - Downloading http://repo.maven.apache.org/maven2/junit/junit/4.10/junit-4.10.jar
2016-07-27 12:16:55,484 [Worker-568] INFO  o.e.m.c.i.e.AbstractTransferListenerAdapter - Downloaded http://repo.maven.apache.org/maven2/junit/junit/4.10/junit-4.10.jar
2016-07-27 12:16:55,768 [Worker-568] INFO  o.e.m.c.i.e.AbstractTransferListenerAdapter - Downloading http://repo.maven.apache.org/maven2/org/hamcrest/hamcrest-core/1.1/hamcrest-core-1.1.jar
2016-07-27 12:16:56,852 [Worker-568] INFO  o.e.m.c.i.e.AbstractTransferListenerAdapter - Downloaded http://repo.maven.apache.org/maven2/org/hamcrest/hamcrest-core/1.1/hamcrest-core-1.1.jar
2016-07-27 12:16:57,115 [Worker-568] INFO  o.e.m.c.i.e.AbstractTransferListenerAdapter - Downloading http://repo.maven.apache.org/maven2/com/google/firebase/firebase-server-sdk/3.0.0/firebase-server-sdk-3.0.0.jar
2016-07-27 12:17:00,338 [Worker-568] INFO  o.e.m.c.i.e.AbstractTransferListenerAdapter - Downloaded http://repo.maven.apache.org/maven2/com/google/firebase/firebase-server-sdk/3.0.0/firebase-server-sdk-3.0.0.jar
2016-07-27 12:17:00,629 [Worker-568] INFO  o.e.m.c.i.e.AbstractTransferListenerAdapter - Downloading http://repo.maven.apache.org/maven2/com/google/api-client/google-api-client-gson/1.21.0/google-api-client-gson-1.21.0.jar
2016-07-27 12:17:01,218 [Worker-568] INFO  o.e.m.c.i.e.AbstractTransferListenerAdapter - Downloaded http://repo.maven.apache.org/maven2/com/google/api-client/google-api-client-gson/1.21.0/google-api-client-gson-1.21.0.jar
2016-07-27 12:17:01,522 [Worker-568] INFO  o.e.m.c.i.e.AbstractTransferListenerAdapter - Downloading http://repo.maven.apache.org/maven2/com/google/api-client/google-api-client/1.21.0/google-api-client-1.21.0.jar
2016-07-27 12:17:02,933 [Worker-568] INFO  o.e.m.c.i.e.AbstractTransferListenerAdapter - Downloaded http://repo.maven.apache.org/maven2/com/google/api-client/google-api-client/1.21.0/google-api-client-1.21.0.jar
2016-07-27 12:17:03,246 [Worker-568] INFO  o.e.m.c.i.e.AbstractTransferListenerAdapter - Downloading http://repo.maven.apache.org/maven2/com/google/oauth-client/google-oauth-client/1.21.0/google-oauth-client-1.21.0.jar
2016-07-27 12:17:03,941 [Worker-568] INFO  o.e.m.c.i.e.AbstractTransferListenerAdapter - Downloaded http://repo.maven.apache.org/maven2/com/google/oauth-client/google-oauth-client/1.21.0/google-oauth-client-1.21.0.jar
2016-07-27 12:17:04,237 [Worker-568] INFO  o.e.m.c.i.e.AbstractTransferListenerAdapter - Downloading http://repo.maven.apache.org/maven2/com/google/http-client/google-http-client-jackson2/1.21.0/google-http-client-jackson2-1.21.0.jar
2016-07-27 12:17:04,890 [Worker-568] INFO  o.e.m.c.i.e.AbstractTransferListenerAdapter - Downloaded http://repo.maven.apache.org/maven2/com/google/http-client/google-http-client-jackson2/1.21.0/google-http-client-jackson2-1.21.0.jar
2016-07-27 12:17:05,229 [Worker-568] INFO  o.e.m.c.i.e.AbstractTransferListenerAdapter - Downloading http://repo.maven.apache.org/maven2/org/json/json/20160212/json-20160212.jar
2016-07-27 12:17:05,927 [Worker-568] INFO  o.e.m.c.i.e.AbstractTransferListenerAdapter - Downloaded http://repo.maven.apache.org/maven2/org/json/json/20160212/json-20160212.jar
2016-07-27 12:17:06,188 [Worker-568] INFO  o.e.m.c.i.e.AbstractTransferListenerAdapter - Downloading http://repo.maven.apache.org/maven2/com/google/http-client/google-http-client-gson/1.21.0/google-http-client-gson-1.21.0.jar
2016-07-27 12:17:06,877 [Worker-568] INFO  o.e.m.c.i.e.AbstractTransferListenerAdapter - Downloaded http://repo.maven.apache.org/maven2/com/google/http-client/google-http-client-gson/1.21.0/google-http-client-gson-1.21.0.jar
2016-07-27 12:17:07,150 [Worker-568] INFO  o.e.m.c.i.e.AbstractTransferListenerAdapter - Downloading http://repo.maven.apache.org/maven2/com/google/http-client/google-http-client/1.21.0/google-http-client-1.21.0.jar
2016-07-27 12:17:08,770 [Worker-568] INFO  o.e.m.c.i.e.AbstractTransferListenerAdapter - Downloaded http://repo.maven.apache.org/maven2/com/google/http-client/google-http-client/1.21.0/google-http-client-1.21.0.jar
2016-07-27 12:17:08,823 [Worker-568] INFO  o.e.m.c.i.e.AbstractTransferListenerAdapter - Downloading http://repo.maven.apache.org/maven2/com/google/code/findbugs/jsr305/1.3.9/jsr305-1.3.9.jar
2016-07-27 12:17:09,077 [Worker-568] INFO  o.e.m.c.i.e.AbstractTransferListenerAdapter - Downloaded http://repo.maven.apache.org/maven2/com/google/code/findbugs/jsr305/1.3.9/jsr305-1.3.9.jar
2016-07-27 12:17:09,573 [Worker-568] INFO  o.e.m.c.i.e.AbstractTransferListenerAdapter - Downloading http://repo.maven.apache.org/maven2/com/google/guava/guava-jdk5/17.0/guava-jdk5-17.0.jar
2016-07-27 12:17:19,589 [Worker-568] INFO  o.e.m.c.i.e.AbstractTransferListenerAdapter - Downloaded http://repo.maven.apache.org/maven2/com/google/guava/guava-jdk5/17.0/guava-jdk5-17.0.jar
2016-07-27 12:17:27,404 [Worker-568] WARN  o.e.m.c.i.embedder.EclipseLogger - The POM for org.ebayopensource:fido-uaf-core:jar:0.0.1-SNAPSHOT is missing, no dependency information available
2016-07-27 12:17:32,448 [Worker-565] INFO  o.e.m.c.i.e.AbstractTransferListenerAdapter - Downloading http://repo.maven.apache.org/maven2/junit/junit/4.12/junit-4.12.jar
2016-07-27 12:17:33,081 [Worker-565] INFO  o.e.m.c.i.e.AbstractTransferListenerAdapter - Downloaded http://repo.maven.apache.org/maven2/junit/junit/4.12/junit-4.12.jar
2016-07-27 12:17:33,089 [Worker-565] INFO  o.e.m.c.i.e.AbstractTransferListenerAdapter - Downloading http://repo.maven.apache.org/maven2/org/hamcrest/hamcrest-core/1.3/hamcrest-core-1.3.jar
2016-07-27 12:17:33,888 [Worker-565] INFO  o.e.m.c.i.e.AbstractTransferListenerAdapter - Downloaded http://repo.maven.apache.org/maven2/org/hamcrest/hamcrest-core/1.3/hamcrest-core-1.3.jar
2016-07-27 12:17:34,176 [Worker-565] INFO  o.e.m.c.i.e.AbstractTransferListenerAdapter - Downloading http://repo.maven.apache.org/maven2/commons-codec/commons-codec/1.9/commons-codec-1.9.jar
2016-07-27 12:17:36,106 [Worker-565] INFO  o.e.m.c.i.e.AbstractTransferListenerAdapter - Downloaded http://repo.maven.apache.org/maven2/commons-codec/commons-codec/1.9/commons-codec-1.9.jar
2016-07-27 12:17:36,417 [Worker-565] INFO  o.e.m.c.i.e.AbstractTransferListenerAdapter - Downloading http://repo.maven.apache.org/maven2/org/bouncycastle/bcprov-jdk15on/1.51/bcprov-jdk15on-1.51.jar
2016-07-27 12:17:49,008 [Worker-565] INFO  o.e.m.c.i.e.AbstractTransferListenerAdapter - Downloaded http://repo.maven.apache.org/maven2/org/bouncycastle/bcprov-jdk15on/1.51/bcprov-jdk15on-1.51.jar
2016-07-27 12:17:49,293 [Worker-565] INFO  o.e.m.c.i.e.AbstractTransferListenerAdapter - Downloading http://repo.maven.apache.org/maven2/org/codehaus/jackson/jackson-mapper-asl/1.9.3/jackson-mapper-asl-1.9.3.jar
2016-07-27 12:17:53,387 [Worker-565] INFO  o.e.m.c.i.e.AbstractTransferListenerAdapter - Downloaded http://repo.maven.apache.org/maven2/org/codehaus/jackson/jackson-mapper-asl/1.9.3/jackson-mapper-asl-1.9.3.jar
2016-07-27 12:17:53,684 [Worker-565] INFO  o.e.m.c.i.e.AbstractTransferListenerAdapter - Downloading http://repo.maven.apache.org/maven2/org/codehaus/jackson/jackson-core-asl/1.9.3/jackson-core-asl-1.9.3.jar
2016-07-27 12:17:55,153 [Worker-565] INFO  o.e.m.c.i.e.AbstractTransferListenerAdapter - Downloaded http://repo.maven.apache.org/maven2/org/codehaus/jackson/jackson-core-asl/1.9.3/jackson-core-asl-1.9.3.jar
2016-07-27 14:08:00,724 [Worker-585] WARN  o.e.m.c.i.embedder.EclipseLogger - The POM for org.ebayopensource:fido-uaf-core:jar:0.0.1-SNAPSHOT is missing, no dependency information available
2016-07-27 14:08:02,446 [Worker-585] WARN  o.e.m.c.i.embedder.EclipseLogger - The POM for org.ebayopensource:fido-uaf-core:jar:0.0.1-SNAPSHOT is missing, no dependency information available
2016-07-27 15:54:00,603 [Worker-597] WARN  o.e.m.c.i.embedder.EclipseLogger - The POM for org.ebayopensource:fido-uaf-core:jar:0.0.1-SNAPSHOT is missing, no dependency information available
2016-07-27 15:54:01,118 [Worker-597] WARN  o.e.m.c.i.embedder.EclipseLogger - The POM for org.ebayopensource:fido-uaf-core:jar:0.0.1-SNAPSHOT is missing, no dependency information available
2016-07-27 15:55:27,353 [Worker-612] WARN  o.e.m.c.i.embedder.EclipseLogger - The POM for org.ebayopensource:fido-uaf-core:jar:0.0.1-SNAPSHOT is missing, no dependency information available
2016-07-27 15:55:27,867 [Worker-612] WARN  o.e.m.c.i.embedder.EclipseLogger - The POM for org.ebayopensource:fido-uaf-core:jar:0.0.1-SNAPSHOT is missing, no dependency information available
2016-07-29 10:31:10,687 [Worker-1260] WARN  o.e.m.c.i.embedder.EclipseLogger - The POM for org.ebayopensource:fido-uaf-core:jar:0.0.1-SNAPSHOT is missing, no dependency information available
2016-07-29 10:31:13,116 [Worker-1260] WARN  o.e.m.c.i.embedder.EclipseLogger - The POM for org.ebayopensource:fido-uaf-core:jar:0.0.1-SNAPSHOT is missing, no dependency information available
2016-07-29 10:33:33,026 [Worker-1260] WARN  o.e.m.c.i.embedder.EclipseLogger - The POM for org.ebayopensource:fido-uaf-core:jar:0.0.1-SNAPSHOT is missing, no dependency information available
2016-07-29 10:33:33,489 [Worker-1260] WARN  o.e.m.c.i.embedder.EclipseLogger - The POM for org.ebayopensource:fido-uaf-core:jar:0.0.1-SNAPSHOT is missing, no dependency information available
2016-08-04 17:25:32,033 [Worker-691] WARN  o.e.m.c.i.embedder.EclipseLogger - The POM for org.ebayopensource:fido-uaf-core:jar:0.0.1-SNAPSHOT is missing, no dependency information available
2016-08-04 17:25:34,652 [Worker-691] WARN  o.e.m.c.i.embedder.EclipseLogger - The POM for org.ebayopensource:fido-uaf-core:jar:0.0.1-SNAPSHOT is missing, no dependency information available
2016-08-17 16:25:55,329 [Worker-465] WARN  o.e.m.c.i.embedder.EclipseLogger - The POM for org.ebayopensource:fido-uaf-core:jar:0.0.1-SNAPSHOT is missing, no dependency information available
2016-08-17 16:26:04,402 [Worker-465] WARN  o.e.m.c.i.embedder.EclipseLogger - The POM for org.ebayopensource:fido-uaf-core:jar:0.0.1-SNAPSHOT is missing, no dependency information available
2016-09-02 17:29:52,024 [Worker-1248] WARN  o.e.m.c.i.embedder.EclipseLogger - The POM for org.ebayopensource:fido-uaf-core:jar:0.0.1-SNAPSHOT is missing, no dependency information available
2016-09-02 17:29:55,885 [Worker-1248] WARN  o.e.m.c.i.embedder.EclipseLogger - The POM for org.ebayopensource:fido-uaf-core:jar:0.0.1-SNAPSHOT is missing, no dependency information available
2016-09-07 10:32:55,633 [Worker-0] WARN  o.e.m.c.i.embedder.EclipseLogger - The POM for org.ebayopensource:fido-uaf-core:jar:0.0.1-SNAPSHOT is missing, no dependency information available
2016-09-07 10:33:02,780 [Worker-0] WARN  o.e.m.c.i.embedder.EclipseLogger - The POM for org.ebayopensource:fido-uaf-core:jar:0.0.1-SNAPSHOT is missing, no dependency information available
2016-09-09 10:43:29,493 [Worker-503] WARN  o.e.m.c.i.embedder.EclipseLogger - The POM for org.ebayopensource:fido-uaf-core:jar:0.0.1-SNAPSHOT is missing, no dependency information available
2016-09-09 10:43:31,675 [Worker-503] WARN  o.e.m.c.i.embedder.EclipseLogger - The POM for org.ebayopensource:fido-uaf-core:jar:0.0.1-SNAPSHOT is missing, no dependency information available
2016-12-07 09:33:27,048 [Worker-10] WARN  o.e.m.c.i.embedder.EclipseLogger - The POM for org.ebayopensource:fido-uaf-core:jar:0.0.1-SNAPSHOT is missing, no dependency information available
2016-12-07 09:33:30,480 [Worker-10] WARN  o.e.m.c.i.embedder.EclipseLogger - The POM for org.ebayopensource:fido-uaf-core:jar:0.0.1-SNAPSHOT is missing, no dependency information available
